<?xml version="1.0" encoding="UTF-8"?>
<!-- Generated by org.testng.reporters.JUnitReportReporter -->
<testsuite skipped="0" hostname="MTCHNLT-SRIKAN" name="testcases.TC_SFO154_EditWorkType" tests="1" failures="0" timestamp="28 Nov 2020 12:13:07 GMT" time="48.562" errors="0">
  <testcase name="editWorkType" time="48.562" classname="testcases.TC_SFO154_EditWorkType"/>
</testsuite> <!-- testcases.TC_SFO154_EditWorkType -->
