<?xml version="1.0" encoding="UTF-8"?>
<!-- Generated by org.testng.reporters.JUnitReportReporter -->
<testsuite skipped="0" hostname="MTCHNLT-SRIKAN" name="testcases.TC_SFO153_EditWorkTypeNegative" tests="1" failures="0" timestamp="29 Nov 2020 09:37:08 GMT" time="63.161" errors="0">
  <testcase name="editWorkTypeNegative" time="63.161" classname="testcases.TC_SFO153_EditWorkTypeNegative"/>
</testsuite> <!-- testcases.TC_SFO153_EditWorkTypeNegative -->
