<?xml version="1.0" encoding="UTF-8"?>
<!-- Generated by org.testng.reporters.JUnitReportReporter -->
<testsuite skipped="0" hostname="MTCHNLT-SRIKAN" name="testcases.TC_SFO155_VerifyMandatoryFields" tests="1" failures="0" timestamp="29 Nov 2020 10:27:02 GMT" time="38.574" errors="0">
  <testcase name="verifymandatoryfields" time="38.574" classname="testcases.TC_SFO155_VerifyMandatoryFields"/>
</testsuite> <!-- testcases.TC_SFO155_VerifyMandatoryFields -->
