<?xml version="1.0" encoding="UTF-8"?>
<!-- Generated by org.testng.reporters.JUnitReportReporter -->
<testsuite skipped="0" hostname="MTCHNLT-SRIKAN" name="testcases.TC_Assessment" tests="1" failures="0" timestamp="12 Dec 2020 11:25:13 GMT" time="96.933" errors="0">
  <testcase name="assessmentTestCase" time="96.933" classname="testcases.TC_Assessment"/>
</testsuite> <!-- testcases.TC_Assessment -->
