<?xml version="1.0" encoding="UTF-8"?>
<!-- Generated by org.testng.reporters.JUnitReportReporter -->
<testsuite skipped="0" hostname="MTCHNLT-SRIKAN" name="testcases.TC_SFO156_DeleteWorkType" tests="1" failures="0" timestamp="29 Nov 2020 11:09:51 GMT" time="57.622" errors="0">
  <testcase name="deleteWorkType" time="57.622" classname="testcases.TC_SFO156_DeleteWorkType"/>
</testsuite> <!-- testcases.TC_SFO156_DeleteWorkType -->
